Removed Pin From Net: NetName=XCL Pin=U?-1
Removed Pin From Net: NetName=3V3 Pin=U?-2
Removed Pin From Net: NetName=3V3 Pin=U?-4
Removed Pin From Net: NetName=GND Pin=U?-9
Removed Pin From Net: NetName=GND Pin=U?-11
Removed Pin From Net: NetName=SETC Pin=U?-12
Removed Pin From Net: NetName=3V3 Pin=U?-13
Removed Pin From Net: NetName=HMC_ Pin=U?-15
Removed Pin From Net: NetName=XDA Pin=U?-16
Removed Member From Class: ClassName=Sheet1 Member=R?
Change Component Designator: OldDesignator=C1 NewDesignator=C4
Change Component Designator: OldDesignator=C2 NewDesignator=C5
Change Component Designator: OldDesignator=C3 NewDesignator=C6
Change Component Designator: OldDesignator=C3 NewDesignator=C16
Change Component Designator: OldDesignator=C4 NewDesignator=C7
Change Component Designator: OldDesignator=C4 NewDesignator=C17
Change Component Designator: OldDesignator=C5 NewDesignator=C9
Change Component Designator: OldDesignator=C5 NewDesignator=C15
Change Component Designator: OldDesignator=C6 NewDesignator=C10
Change Component Designator: OldDesignator=C? NewDesignator=C1
Change Component Designator: OldDesignator=C? NewDesignator=C2
Change Component Designator: OldDesignator=C? NewDesignator=C3
Change Component Designator: OldDesignator=C? NewDesignator=C8
Change Component Designator: OldDesignator=C? NewDesignator=C11
Change Component Designator: OldDesignator=C? NewDesignator=C12
Change Component Designator: OldDesignator=C? NewDesignator=C13
Change Component Designator: OldDesignator=C? NewDesignator=C14
Change Component Designator: OldDesignator=IC? NewDesignator=IC1
Change Component Designator: OldDesignator=R1 NewDesignator=R2
Change Component Designator: OldDesignator=R2 NewDesignator=R3
Change Component Designator: OldDesignator=R3 NewDesignator=R8
Change Component Designator: OldDesignator=R? NewDesignator=R1
Change Component Designator: OldDesignator=R? NewDesignator=R4
Change Component Designator: OldDesignator=R? NewDesignator=R5
Change Component Designator: OldDesignator=R? NewDesignator=R6
Change Component Designator: OldDesignator=R? NewDesignator=R7
Change Component Designator: OldDesignator=U2 NewDesignator=U3
Change Component Designator: OldDesignator=U3 NewDesignator=U5
Change Component Designator: OldDesignator=U? NewDesignator=U4
Added Component: Designator=C9(CAPC1608X90N)
Added Component: Designator=C10(CAPC1608X90N)
Added Pin To Net: NetName=GND Pin=C9-1
Added Pin To Net: NetName=3V3 Pin=C9-2
Added Pin To Net: NetName=GND Pin=C10-1
Added Pin To Net: NetName=3V3 Pin=C10-2
Change Net Name : Old Net Name=NetC3_1 New Net Name=NetC16_1
Change Net Name : Old Net Name=NetC5_1 New Net Name=NetC15_1
Change Net Name : Old Net Name=NetC6_1 New Net Name=NetC10_1
Change Net Name : Old Net Name=NetC?_1 New Net Name=NetC3_1
Change Net Name : Old Net Name=NetC?_2 New Net Name=NetC14_2
Change Net Name : Old Net Name=NetIC?_11 New Net Name=NetIC1_11
Added Pin To Net: NetName=NetB1_8 Pin=C2-2
Added Net: Name=NetB1_8
Added Pin To Net: NetName=NetB1_10 Pin=C1-2
Added Net: Name=NetB1_10
Added Member To Class: ClassName=Sheet1 Member=Component C7 106
Added Member To Class: ClassName=Sheet1 Member=Component C8 105
Added Member To Class: ClassName=Sheet1 Member=Component C9 105
Added Member To Class: ClassName=Sheet1 Member=Component C9 Pin3.7V
Added Member To Class: ClassName=Sheet1 Member=Component C10 105
Added Member To Class: ClassName=Sheet1 Member=Component C10 105
Added Member To Class: ClassName=Sheet1 Member=Component C11 105
Added Member To Class: ClassName=Sheet1 Member=Component C12 106
Added Member To Class: ClassName=Sheet1 Member=Component C13 104
Added Member To Class: ClassName=Sheet1 Member=Component C15 106
Added Member To Class: ClassName=Sheet1 Member=Component C16 104
Added Member To Class: ClassName=Sheet1 Member=Component C17 106
Added Member To Class: ClassName=Sheet1 Member=Component R4 4.7k/0603
Added Member To Class: ClassName=Sheet1 Member=Component R5 4.7k/0603
Added Member To Class: ClassName=Sheet1 Member=Component R6 4.7k/0603
Added Member To Class: ClassName=Sheet1 Member=Component R7 1k/0603
Added Member To Class: ClassName=Sheet1 Member=Component R8 Res
