Added Component: Designator=C1(CAPC1608X90N)
Added Component: Designator=C2(CAPC1608X90N)
Added Component: Designator=C3(CAPC1608X90N)
Added Component: Designator=C3(CM_S_1206)
Added Component: Designator=C4(CAPC1608X90N)
Added Component: Designator=C4(CAPC1608X90N)
Added Component: Designator=C5(CAPC1608X90N)
Added Component: Designator=C5(JP2-D1T)
Added Component: Designator=C6(CAPC1608X90N)
Added Component: Designator=C?(CAPC1608X90N)
Added Component: Designator=C?(CAPC1608X90N)
Added Component: Designator=C?(CAPC1608X90N)
Added Component: Designator=C?(CAPC1608X90N)
Added Component: Designator=C?(CAPC1608X90N)
Added Component: Designator=C?(CAPC1608X90N)
Added Component: Designator=C?(CAPC1608X90N)
Added Component: Designator=C?(CAPC1608X90N)
Added Component: Designator=D1(DO-214AC)
Added Component: Designator=IC?(MPU6050)
Added Component: Designator=L1(SM-IND-0805)
Added Component: Designator=R1(RES-SMD-0603)
Added Component: Designator=R2(RES-SMD-0603)
Added Component: Designator=R3(RES-SMD-0603)
Added Component: Designator=R?(RES-SMD-0603)
Added Component: Designator=R?(RES-SMD-0603)
Added Component: Designator=R?(RES-SMD-0603)
Added Component: Designator=R?(RES-SMD-0603)
Added Component: Designator=R?(RES-SMD-0603)
Added Component: Designator=U1(SOT95P285X120-5N)
Added Component: Designator=U2(SOT-23-5)
Added Component: Designator=U3(QFN-MR64_M)
Added Component: Designator=U?(SON125P500X300X100-8N)
Added Component: Designator=U?(LCC50P300X300X90-16N)
Added Pin To Net: NetName=3V3 Pin=C6-2
Added Pin To Net: NetName=3V3 Pin=C?-2
Added Pin To Net: NetName=3V3 Pin=C?-2
Added Pin To Net: NetName=3V3 Pin=C?-2
Added Pin To Net: NetName=3V3 Pin=C?-2
Added Pin To Net: NetName=3V3 Pin=IC?-8
Added Pin To Net: NetName=3V3 Pin=IC?-13
Added Pin To Net: NetName=3V3 Pin=R?-2
Added Pin To Net: NetName=3V3 Pin=R?-2
Added Pin To Net: NetName=3V3 Pin=R?-2
Added Pin To Net: NetName=3V3 Pin=R?-2
Added Pin To Net: NetName=3V3 Pin=U2-5
Added Pin To Net: NetName=3V3 Pin=U?-1
Added Pin To Net: NetName=3V3 Pin=U?-2
Added Pin To Net: NetName=3V3 Pin=U?-4
Added Pin To Net: NetName=3V3 Pin=U?-13
Added Net: Name=3V3
Added Pin To Net: NetName=5V Pin=C1-2
Added Pin To Net: NetName=5V Pin=C4-2
Added Pin To Net: NetName=5V Pin=D1-K
Added Pin To Net: NetName=5V Pin=R1-1
Added Pin To Net: NetName=5V Pin=U2-1
Added Pin To Net: NetName=5V Pin=U2-3
Added Net: Name=5V
Added Pin To Net: NetName=CE Pin=U3-27
Added Net: Name=CE
Added Pin To Net: NetName=CSN Pin=U3-28
Added Net: Name=CSN
Added Pin To Net: NetName=FB Pin=C1-1
Added Pin To Net: NetName=FB Pin=R1-2
Added Pin To Net: NetName=FB Pin=R2-1
Added Pin To Net: NetName=FB Pin=U1-3
Added Net: Name=FB
Added Pin To Net: NetName=GND Pin=C2-1
Added Pin To Net: NetName=GND Pin=C3-2
Added Pin To Net: NetName=GND Pin=C4-1
Added Pin To Net: NetName=GND Pin=C5-2
Added Pin To Net: NetName=GND Pin=C5-2
Added Pin To Net: NetName=GND Pin=C?-1
Added Pin To Net: NetName=GND Pin=C?-1
Added Pin To Net: NetName=GND Pin=C?-1
Added Pin To Net: NetName=GND Pin=C?-1
Added Pin To Net: NetName=GND Pin=C?-1
Added Pin To Net: NetName=GND Pin=C?-1
Added Pin To Net: NetName=GND Pin=C?-2
Added Pin To Net: NetName=GND Pin=IC?-1
Added Pin To Net: NetName=GND Pin=IC?-9
Added Pin To Net: NetName=GND Pin=IC?-18
Added Pin To Net: NetName=GND Pin=R2-2
Added Pin To Net: NetName=GND Pin=R?-2
Added Pin To Net: NetName=GND Pin=U1-2
Added Pin To Net: NetName=GND Pin=U3-9
Added Pin To Net: NetName=GND Pin=U3-20
Added Pin To Net: NetName=GND Pin=U3-25
Added Pin To Net: NetName=GND Pin=U3-41
Added Pin To Net: NetName=GND Pin=U3-65
Added Pin To Net: NetName=GND Pin=U?-3
Added Pin To Net: NetName=GND Pin=U?-4
Added Pin To Net: NetName=GND Pin=U?-5
Added Pin To Net: NetName=GND Pin=U?-9
Added Pin To Net: NetName=GND Pin=U?-11
Added Net: Name=GND
Added Pin To Net: NetName=HMC_ Pin=R?-1
Added Pin To Net: NetName=HMC_ Pin=U?-15
Added Net: Name=HMC_
Added Pin To Net: NetName=LED1 Pin=U3-17
Added Net: Name=LED1
Added Pin To Net: NetName=LED2 Pin=U3-2
Added Net: Name=LED2
Added Pin To Net: NetName=LED3 Pin=U3-1
Added Net: Name=LED3
Added Pin To Net: NetName=LED4 Pin=U3-64
Added Net: Name=LED4
Added Pin To Net: NetName=MCLR Pin=R3-2
Added Pin To Net: NetName=MCLR Pin=U3-7
Added Net: Name=MCLR
Added Pin To Net: NetName=MISO Pin=U3-31
Added Net: Name=MISO
Added Pin To Net: NetName=MOSI Pin=U3-30
Added Net: Name=MOSI
Added Pin To Net: NetName=MPU_ Pin=IC?-12
Added Pin To Net: NetName=MPU_ Pin=R?-1
Added Net: Name=MPU_
Added Pin To Net: NetName=NetC3_1 Pin=C3-1
Added Pin To Net: NetName=NetC3_1 Pin=C4-1
Added Pin To Net: NetName=NetC3_1 Pin=U3-56
Added Net: Name=NetC3_1
Added Pin To Net: NetName=NetC5_1 Pin=C5-1
Added Pin To Net: NetName=NetC5_1 Pin=U3-35
Added Net: Name=NetC5_1
Added Pin To Net: NetName=NetC6_1 Pin=C6-1
Added Pin To Net: NetName=NetC6_1 Pin=U2-2
Added Net: Name=NetC6_1
Added Pin To Net: NetName=NetC?_1 Pin=C?-1
Added Pin To Net: NetName=NetC?_1 Pin=IC?-20
Added Net: Name=NetC?_1
Added Pin To Net: NetName=NetC?_2 Pin=C?-2
Added Pin To Net: NetName=NetC?_2 Pin=IC?-10
Added Net: Name=NetC?_2
Added Pin To Net: NetName=NetD1_A Pin=D1-A
Added Pin To Net: NetName=NetD1_A Pin=L1-2
Added Pin To Net: NetName=NetD1_A Pin=U1-1
Added Net: Name=NetD1_A
Added Pin To Net: NetName=NetIC?_11 Pin=IC?-11
Added Pin To Net: NetName=NetIC?_11 Pin=R?-1
Added Net: Name=NetIC?_11
Added Pin To Net: NetName=OSC1 Pin=U3-39
Added Net: Name=OSC1
Added Pin To Net: NetName=OSC2 Pin=U3-40
Added Net: Name=OSC2
Added Pin To Net: NetName=PGEC Pin=U3-15
Added Net: Name=PGEC
Added Pin To Net: NetName=PGED Pin=U3-16
Added Net: Name=PGED
Added Pin To Net: NetName=PWM1 Pin=U3-46
Added Net: Name=PWM1
Added Pin To Net: NetName=PWM2 Pin=U3-49
Added Net: Name=PWM2
Added Pin To Net: NetName=PWM3 Pin=U3-50
Added Net: Name=PWM3
Added Pin To Net: NetName=PWM4 Pin=U3-51
Added Net: Name=PWM4
Added Pin To Net: NetName=SCK Pin=U3-29
Added Net: Name=SCK
Added Pin To Net: NetName=SCL Pin=IC?-23
Added Pin To Net: NetName=SCL Pin=R?-1
Added Pin To Net: NetName=SCL Pin=U3-44
Added Net: Name=SCL
Added Pin To Net: NetName=SDA Pin=IC?-24
Added Pin To Net: NetName=SDA Pin=R?-1
Added Pin To Net: NetName=SDA Pin=U3-43
Added Net: Name=SDA
Added Pin To Net: NetName=SETC Pin=C?-1
Added Pin To Net: NetName=SETC Pin=U?-12
Added Net: Name=SETC
Added Pin To Net: NetName=VCC Pin=C2-2
Added Pin To Net: NetName=VCC Pin=C3-1
Added Pin To Net: NetName=VCC Pin=C3-2
Added Pin To Net: NetName=VCC Pin=C4-2
Added Pin To Net: NetName=VCC Pin=C5-1
Added Pin To Net: NetName=VCC Pin=L1-1
Added Pin To Net: NetName=VCC Pin=R3-1
Added Pin To Net: NetName=VCC Pin=U1-4
Added Pin To Net: NetName=VCC Pin=U1-5
Added Pin To Net: NetName=VCC Pin=U3-10
Added Pin To Net: NetName=VCC Pin=U3-19
Added Pin To Net: NetName=VCC Pin=U3-26
Added Pin To Net: NetName=VCC Pin=U3-34
Added Pin To Net: NetName=VCC Pin=U3-38
Added Pin To Net: NetName=VCC Pin=U3-57
Added Net: Name=VCC
Added Pin To Net: NetName=XCL Pin=IC?-7
Added Pin To Net: NetName=XCL Pin=U?-1
Added Pin To Net: NetName=XCL Pin=U?-8
Added Net: Name=XCL
Added Pin To Net: NetName=XDA Pin=IC?-6
Added Pin To Net: NetName=XDA Pin=U?-16
Added Net: Name=XDA
Added Class: Name=Sheet1
Added Room: Name=Sheet1
