Added Component: Designator=C1(CAPC1608X90N)
Added Component: Designator=C2(CAPC1608X90N)
Added Component: Designator=C3(CAPC1608X90N)
Added Component: Designator=C4(CAPC1608X90N)
Added Component: Designator=C5(CAPC1608X90N)
Added Component: Designator=C6(CM_S_1206)
Added Component: Designator=C7(CAPC1608X90N)
Added Component: Designator=C8(CAPC1608X90N)
Added Component: Designator=C9(CAPC1608X90N)
Added Component: Designator=C10(CAPC1608X90N)
Added Component: Designator=C11(CAPC1608X90N)
Added Component: Designator=C12(CAPC1608X90N)
Added Component: Designator=C13(CAPC1608X90N)
Added Component: Designator=C14(CAPC1608X90N)
Added Component: Designator=C15(CAPC1608X90N)
Added Component: Designator=C16(CAPC1608X90N)
Added Component: Designator=C17(CAPC1608X90N)
Added Component: Designator=CT1(CRYSTAL-SMD5032)
Added Component: Designator=D1(DO-214AC)
Added Component: Designator=IC1(MPU6050)
Added Component: Designator=IC*1(ESP8266 ESP-12-E)
Added Component: Designator=J1(62000211121)
Added Component: Designator=J2(62000311121)
Added Component: Designator=J3(62000411121)
Added Component: Designator=L1(SM-IND-0805)
Added Component: Designator=Led1(LED-0805-Red)
Added Component: Designator=Led2(LED-0805-Red)
Added Component: Designator=Led3(LED-0805-Red)
Added Component: Designator=Led4(LED-0805-Red)
Added Component: Designator=MT1(62000211121)
Added Component: Designator=MT2(62000211121)
Added Component: Designator=MT3(62000211121)
Added Component: Designator=MT4(62000211121)
Added Component: Designator=Q1(SOT23)
Added Component: Designator=Q2(SOT23)
Added Component: Designator=Q3(SOT23)
Added Component: Designator=Q4(SOT23)
Added Component: Designator=R1(RES-SMD-0603)
Added Component: Designator=R2(RES-SMD-0603)
Added Component: Designator=R3(RES-SMD-0603)
Added Component: Designator=R4(RES-SMD-0603)
Added Component: Designator=R5(RES-SMD-0603)
Added Component: Designator=R6(RES-SMD-0603)
Added Component: Designator=R7(RES-SMD-0603)
Added Component: Designator=R8(RES-SMD-0603)
Added Component: Designator=R9(RES-SMD-0603)
Added Component: Designator=R10(RES-SMD-0603)
Added Component: Designator=R11(RES-SMD-0603)
Added Component: Designator=R12(RES-SMD-0603)
Added Component: Designator=R13(RES-SMD-0603)
Added Component: Designator=R14(RES-SMD-0603)
Added Component: Designator=R15(RES-SMD-0603)
Added Component: Designator=R16(RES-SMD-0603)
Added Component: Designator=R17(RES-SMD-0603)
Added Component: Designator=R18(RES-SMD-0603)
Added Component: Designator=R19(RES-SMD-0603)
Added Component: Designator=R20(RES-SMD-0603)
Added Component: Designator=R21(RES-SMD-0603)
Added Component: Designator=R22(RES-SMD-0603)
Added Component: Designator=R23(RES-SMD-0603)
Added Component: Designator=R24(RES-SMD-0603)
Added Component: Designator=R25(RES-SMD-0603)
Added Component: Designator=R26(RES-SMD-0603)
Added Component: Designator=U1(SOT95P285X120-5N)
Added Component: Designator=U2(SOT-23-5)
Added Component: Designator=U3(SON125P500X300X100-8N)
Added Component: Designator=U4(STM32_LQPF48)
Added Pin To Net: NetName=NetC1_1 Pin=C1-1
Added Pin To Net: NetName=GND Pin=C1-2
Added Pin To Net: NetName=GND Pin=C2-1
Added Pin To Net: NetName=3V3 Pin=C2-2
Added Pin To Net: NetName=GND Pin=C3-1
Added Pin To Net: NetName=3V3 Pin=C3-2
Added Pin To Net: NetName=FB Pin=C4-1
Added Pin To Net: NetName=5V Pin=C4-2
Added Pin To Net: NetName=GND Pin=C5-1
Added Pin To Net: NetName=VCC Pin=C5-2
Added Pin To Net: NetName=VCC Pin=C6-1
Added Pin To Net: NetName=GND Pin=C6-2
Added Pin To Net: NetName=GND Pin=C7-1
Added Pin To Net: NetName=5V Pin=C7-2
Added Pin To Net: NetName=GND Pin=C8-1
Added Pin To Net: NetName=V_BAT Pin=C8-2
Added Pin To Net: NetName=GND Pin=C9-1
Added Pin To Net: NetName=3V3 Pin=C9-2
Added Pin To Net: NetName=GND Pin=C10-1
Added Pin To Net: NetName=3V3 Pin=C10-2
Added Pin To Net: NetName=GND Pin=C11-1
Added Pin To Net: NetName=NetC11_2 Pin=C11-2
Added Pin To Net: NetName=GND Pin=C12-1
Added Pin To Net: NetName=3V3 Pin=C12-2
Added Pin To Net: NetName=GND Pin=C13-1
Added Pin To Net: NetName=3V3 Pin=C13-2
Added Pin To Net: NetName=GND Pin=C14-1
Added Pin To Net: NetName=3V3 Pin=C14-2
Added Pin To Net: NetName=GND Pin=C15-1
Added Pin To Net: NetName=RST Pin=C15-2
Added Pin To Net: NetName=OSC1 Pin=C16-1
Added Pin To Net: NetName=GND Pin=C16-2
Added Pin To Net: NetName=OSC2 Pin=C17-1
Added Pin To Net: NetName=GND Pin=C17-2
Added Pin To Net: NetName=OSC2 Pin=CT1-1
Added Pin To Net: NetName=OSC1 Pin=CT1-2
Added Pin To Net: NetName=NetD1_A Pin=D1-A
Added Pin To Net: NetName=5V Pin=D1-K
Added Pin To Net: NetName=GND Pin=IC1-1
Added Pin To Net: NetName=XDA Pin=IC1-6
Added Pin To Net: NetName=XCL Pin=IC1-7
Added Pin To Net: NetName=3V3 Pin=IC1-8
Added Pin To Net: NetName=GND Pin=IC1-9
Added Pin To Net: NetName=NetC11_2 Pin=IC1-10
Added Pin To Net: NetName=NetIC1_11 Pin=IC1-11
Added Pin To Net: NetName=MPU_INT Pin=IC1-12
Added Pin To Net: NetName=3V3 Pin=IC1-13
Added Pin To Net: NetName=GND Pin=IC1-18
Added Pin To Net: NetName=NetC1_1 Pin=IC1-20
Added Pin To Net: NetName=SCL Pin=IC1-23
Added Pin To Net: NetName=SDA Pin=IC1-24
Added Pin To Net: NetName=NetIC*1_1 Pin=IC*1-1
Added Pin To Net: NetName=NetIC*1_3 Pin=IC*1-3
Added Pin To Net: NetName=3V3 Pin=IC*1-8
Added Pin To Net: NetName=GND Pin=IC*1-15
Added Pin To Net: NetName=NetIC*1_16 Pin=IC*1-16
Added Pin To Net: NetName=NetIC*1_18 Pin=IC*1-18
Added Pin To Net: NetName=TX Pin=IC*1-21
Added Pin To Net: NetName=RX Pin=IC*1-22
Added Pin To Net: NetName=VCC Pin=J1-1
Added Pin To Net: NetName=GND Pin=J1-2
Added Pin To Net: NetName=RX Pin=J2-1
Added Pin To Net: NetName=TX Pin=J2-2
Added Pin To Net: NetName=GND Pin=J2-3
Added Pin To Net: NetName=GND Pin=J3-1
Added Pin To Net: NetName=3V3 Pin=J3-2
Added Pin To Net: NetName=SWDIO Pin=J3-3
Added Pin To Net: NetName=SWCLK Pin=J3-4
Added Pin To Net: NetName=VCC Pin=L1-1
Added Pin To Net: NetName=NetD1_A Pin=L1-2
Added Pin To Net: NetName=NetLed1_1 Pin=Led1-1
Added Pin To Net: NetName=GND Pin=Led1-2
Added Pin To Net: NetName=NetLed2_1 Pin=Led2-1
Added Pin To Net: NetName=GND Pin=Led2-2
Added Pin To Net: NetName=NetLed3_1 Pin=Led3-1
Added Pin To Net: NetName=GND Pin=Led3-2
Added Pin To Net: NetName=NetLed4_1 Pin=Led4-1
Added Pin To Net: NetName=GND Pin=Led4-2
Added Pin To Net: NetName=NetMT1_1 Pin=MT1-1
Added Pin To Net: NetName=VCC Pin=MT1-2
Added Pin To Net: NetName=NetMT2_1 Pin=MT2-1
Added Pin To Net: NetName=VCC Pin=MT2-2
Added Pin To Net: NetName=NetMT3_1 Pin=MT3-1
Added Pin To Net: NetName=VCC Pin=MT3-2
Added Pin To Net: NetName=NetMT4_1 Pin=MT4-1
Added Pin To Net: NetName=VCC Pin=MT4-2
Added Pin To Net: NetName=NetQ1_1 Pin=Q1-1
Added Pin To Net: NetName=GND Pin=Q1-2
Added Pin To Net: NetName=NetMT1_1 Pin=Q1-3
Added Pin To Net: NetName=NetQ2_1 Pin=Q2-1
Added Pin To Net: NetName=GND Pin=Q2-2
Added Pin To Net: NetName=NetMT2_1 Pin=Q2-3
Added Pin To Net: NetName=NetQ3_1 Pin=Q3-1
Added Pin To Net: NetName=GND Pin=Q3-2
Added Pin To Net: NetName=NetMT3_1 Pin=Q3-3
Added Pin To Net: NetName=NetQ4_1 Pin=Q4-1
Added Pin To Net: NetName=GND Pin=Q4-2
Added Pin To Net: NetName=NetMT4_1 Pin=Q4-3
Added Pin To Net: NetName=5V Pin=R1-1
Added Pin To Net: NetName=FB Pin=R1-2
Added Pin To Net: NetName=FB Pin=R2-1
Added Pin To Net: NetName=GND Pin=R2-2
Added Pin To Net: NetName=NetIC*1_1 Pin=R3-1
Added Pin To Net: NetName=3V3 Pin=R3-2
Added Pin To Net: NetName=NetIC*1_3 Pin=R4-1
Added Pin To Net: NetName=3V3 Pin=R4-2
Added Pin To Net: NetName=V_BAT Pin=R5-1
Added Pin To Net: NetName=VCC Pin=R5-2
Added Pin To Net: NetName=3V3 Pin=R6-1
Added Pin To Net: NetName=NetIC*1_18 Pin=R6-2
Added Pin To Net: NetName=GND Pin=R7-1
Added Pin To Net: NetName=NetIC*1_16 Pin=R7-2
Added Pin To Net: NetName=SDA Pin=R8-1
Added Pin To Net: NetName=3V3 Pin=R8-2
Added Pin To Net: NetName=SCL Pin=R9-1
Added Pin To Net: NetName=3V3 Pin=R9-2
Added Pin To Net: NetName=V_BAT Pin=R10-1
Added Pin To Net: NetName=GND Pin=R10-2
Added Pin To Net: NetName=MPU_INT Pin=R11-1
Added Pin To Net: NetName=3V3 Pin=R11-2
Added Pin To Net: NetName=NetIC1_11 Pin=R12-1
Added Pin To Net: NetName=GND Pin=R12-2
Added Pin To Net: NetName=NetR13_1 Pin=R13-1
Added Pin To Net: NetName=GND Pin=R13-2
Added Pin To Net: NetName=NetLed1_1 Pin=R14-1
Added Pin To Net: NetName=LED4 Pin=R14-2
Added Pin To Net: NetName=NetLed2_1 Pin=R15-1
Added Pin To Net: NetName=LED3 Pin=R15-2
Added Pin To Net: NetName=NetLed3_1 Pin=R16-1
Added Pin To Net: NetName=LED2 Pin=R16-2
Added Pin To Net: NetName=NetLed4_1 Pin=R17-1
Added Pin To Net: NetName=LED1 Pin=R17-2
Added Pin To Net: NetName=PWM3 Pin=R18-1
Added Pin To Net: NetName=NetQ1_1 Pin=R18-2
Added Pin To Net: NetName=PWM2 Pin=R19-1
Added Pin To Net: NetName=NetQ2_1 Pin=R19-2
Added Pin To Net: NetName=NetQ1_1 Pin=R20-1
Added Pin To Net: NetName=GND Pin=R20-2
Added Pin To Net: NetName=NetQ2_1 Pin=R21-1
Added Pin To Net: NetName=GND Pin=R21-2
Added Pin To Net: NetName=RST Pin=R22-1
Added Pin To Net: NetName=3V3 Pin=R22-2
Added Pin To Net: NetName=PWM1 Pin=R23-1
Added Pin To Net: NetName=NetQ3_1 Pin=R23-2
Added Pin To Net: NetName=PWM4 Pin=R24-1
Added Pin To Net: NetName=NetQ4_1 Pin=R24-2
Added Pin To Net: NetName=NetQ3_1 Pin=R25-1
Added Pin To Net: NetName=GND Pin=R25-2
Added Pin To Net: NetName=NetQ4_1 Pin=R26-1
Added Pin To Net: NetName=GND Pin=R26-2
Added Pin To Net: NetName=NetD1_A Pin=U1-1
Added Pin To Net: NetName=GND Pin=U1-2
Added Pin To Net: NetName=FB Pin=U1-3
Added Pin To Net: NetName=VCC Pin=U1-4
Added Pin To Net: NetName=VCC Pin=U1-5
Added Pin To Net: NetName=5V Pin=U2-1
Added Pin To Net: NetName=GND Pin=U2-2
Added Pin To Net: NetName=5V Pin=U2-3
Added Pin To Net: NetName=3V3 Pin=U2-5
Added Pin To Net: NetName=3V3 Pin=U3-1
Added Pin To Net: NetName=3V3 Pin=U3-2
Added Pin To Net: NetName=GND Pin=U3-3
Added Pin To Net: NetName=GND Pin=U3-4
Added Pin To Net: NetName=GND Pin=U3-5
Added Pin To Net: NetName=SDA Pin=U3-7
Added Pin To Net: NetName=SCL Pin=U3-8
Added Pin To Net: NetName=LED1 Pin=U4-2
Added Pin To Net: NetName=OSC1 Pin=U4-5
Added Pin To Net: NetName=OSC2 Pin=U4-6
Added Pin To Net: NetName=RST Pin=U4-7
Added Pin To Net: NetName=GND Pin=U4-8
Added Pin To Net: NetName=3V3 Pin=U4-9
Added Pin To Net: NetName=PWM1 Pin=U4-10
Added Pin To Net: NetName=PWM2 Pin=U4-11
Added Pin To Net: NetName=PWM3 Pin=U4-12
Added Pin To Net: NetName=PWM4 Pin=U4-13
Added Pin To Net: NetName=LED2 Pin=U4-14
Added Pin To Net: NetName=V_BAT Pin=U4-18
Added Pin To Net: NetName=GND Pin=U4-23
Added Pin To Net: NetName=3V3 Pin=U4-24
Added Pin To Net: NetName=LED3 Pin=U4-25
Added Pin To Net: NetName=TX Pin=U4-30
Added Pin To Net: NetName=RX Pin=U4-31
Added Pin To Net: NetName=LED4 Pin=U4-33
Added Pin To Net: NetName=SWDIO Pin=U4-34
Added Pin To Net: NetName=GND Pin=U4-35
Added Pin To Net: NetName=3V3 Pin=U4-36
Added Pin To Net: NetName=SWCLK Pin=U4-37
Added Pin To Net: NetName=MPU_INT Pin=U4-41
Added Pin To Net: NetName=SCL Pin=U4-42
Added Pin To Net: NetName=SDA Pin=U4-43
Added Pin To Net: NetName=NetR13_1 Pin=U4-44
Added Pin To Net: NetName=GND Pin=U4-47
Added Pin To Net: NetName=3V3 Pin=U4-48
Added Member To Class: ClassName=Sheet1 Member=Component C1 222
Added Member To Class: ClassName=Sheet1 Member=Component C2 105
Added Member To Class: ClassName=Sheet1 Member=Component C3 105
Added Member To Class: ClassName=Sheet1 Member=Component C4 221
Added Member To Class: ClassName=Sheet1 Member=Component C5 104
Added Member To Class: ClassName=Sheet1 Member=Component C6 tatanlum
Added Member To Class: ClassName=Sheet1 Member=Component C7 106
Added Member To Class: ClassName=Sheet1 Member=Component C8 225
Added Member To Class: ClassName=Sheet1 Member=Component C9 105
Added Member To Class: ClassName=Sheet1 Member=Component C10 105
Added Member To Class: ClassName=Sheet1 Member=Component C11 104
Added Member To Class: ClassName=Sheet1 Member=Component C12 106
Added Member To Class: ClassName=Sheet1 Member=Component C13 106
Added Member To Class: ClassName=Sheet1 Member=Component C14 106
Added Member To Class: ClassName=Sheet1 Member=Component C15 225
Added Member To Class: ClassName=Sheet1 Member=Component C16 22p
Added Member To Class: ClassName=Sheet1 Member=Component C17 22p
Added Member To Class: ClassName=Sheet1 Member=Component CT1 8Mhz
Added Member To Class: ClassName=Sheet1 Member=Component D1 Diode  Schottky 1N5819
Added Member To Class: ClassName=Sheet1 Member=Component IC1 MPU6050
Added Member To Class: ClassName=Sheet1 Member=Component IC*1 ESP8266 ESP-12-E
Added Member To Class: ClassName=Sheet1 Member=Component J1 Pin3.7V
Added Member To Class: ClassName=Sheet1 Member=Component J2 UART
Added Member To Class: ClassName=Sheet1 Member=Component J3 ICSP
Added Member To Class: ClassName=Sheet1 Member=Component L1 L/0805
Added Member To Class: ClassName=Sheet1 Member=Component Led1 LED
Added Member To Class: ClassName=Sheet1 Member=Component Led2 LED
Added Member To Class: ClassName=Sheet1 Member=Component Led3 LED
Added Member To Class: ClassName=Sheet1 Member=Component Led4 LED
Added Member To Class: ClassName=Sheet1 Member=Component MT1 Coreless820
Added Member To Class: ClassName=Sheet1 Member=Component MT2 Coreless820
Added Member To Class: ClassName=Sheet1 Member=Component MT3 Coreless820
Added Member To Class: ClassName=Sheet1 Member=Component MT4 Coreless820
Added Member To Class: ClassName=Sheet1 Member=Component Q1 Si2302
Added Member To Class: ClassName=Sheet1 Member=Component Q2 Si2302
Added Member To Class: ClassName=Sheet1 Member=Component Q3 Si2302
Added Member To Class: ClassName=Sheet1 Member=Component Q4 Si2302
Added Member To Class: ClassName=Sheet1 Member=Component R1 33k/0603
Added Member To Class: ClassName=Sheet1 Member=Component R2 10k/0603
Added Member To Class: ClassName=Sheet1 Member=Component R3 10k/0603
Added Member To Class: ClassName=Sheet1 Member=Component R4 10k/0603
Added Member To Class: ClassName=Sheet1 Member=Component R5 33k/0603
Added Member To Class: ClassName=Sheet1 Member=Component R6 10k/0603
Added Member To Class: ClassName=Sheet1 Member=Component R7 10k/0603
Added Member To Class: ClassName=Sheet1 Member=Component R8 4.7k/0603
Added Member To Class: ClassName=Sheet1 Member=Component R9 4.7k/0603
Added Member To Class: ClassName=Sheet1 Member=Component R10 33k/0603
Added Member To Class: ClassName=Sheet1 Member=Component R11 4.7k/0603
Added Member To Class: ClassName=Sheet1 Member=Component R12 1k/0603
Added Member To Class: ClassName=Sheet1 Member=Component R13 100k
Added Member To Class: ClassName=Sheet1 Member=Component R14 1k
Added Member To Class: ClassName=Sheet1 Member=Component R15 1k
Added Member To Class: ClassName=Sheet1 Member=Component R16 1k
Added Member To Class: ClassName=Sheet1 Member=Component R17 1k
Added Member To Class: ClassName=Sheet1 Member=Component R18 100/0603
Added Member To Class: ClassName=Sheet1 Member=Component R19 100/0603
Added Member To Class: ClassName=Sheet1 Member=Component R20 33k/0603
Added Member To Class: ClassName=Sheet1 Member=Component R21 33k/0603
Added Member To Class: ClassName=Sheet1 Member=Component R22 10k
Added Member To Class: ClassName=Sheet1 Member=Component R23 100/0603
Added Member To Class: ClassName=Sheet1 Member=Component R24 100/0603
Added Member To Class: ClassName=Sheet1 Member=Component R25 33k/0603
Added Member To Class: ClassName=Sheet1 Member=Component R26 33k/0603
Added Member To Class: ClassName=Sheet1 Member=Component U1 LM27313XMF
Added Member To Class: ClassName=Sheet1 Member=Component U2 MIC5205/SPX3819M5
Added Member To Class: ClassName=Sheet1 Member=Component U3 MS561101BA03-50
Added Member To Class: ClassName=Sheet1 Member=Component U4 STM32F103xx_LQFP48
Added Room: Name=Sheet1
