Removed Pin From Net: NetName=GND Pin=C9-1
Removed Pin From Net: NetName=3V3 Pin=C9-2
Removed Pin From Net: NetName=GND Pin=C10-1
Removed Pin From Net: NetName=3V3 Pin=C10-2
Removed Pin From Net: NetName=GND Pin=C15-1
Removed Pin From Net: NetName=3V3 Pin=C15-2
Removed Member From Class: ClassName=Sheet1 Member=C23
Removed Member From Class: ClassName=Sheet1 Member=C24
Removed Member From Class: ClassName=Sheet1 Member=PIN
Change Component Comment : Designator=C14 Old Comment=106 New Comment=105
Change Component Designator: OldDesignator=C12 NewDesignator=C10
Change Component Designator: OldDesignator=C13 NewDesignator=C11
Change Component Designator: OldDesignator=C14 NewDesignator=C12
Change Component Designator: OldDesignator=C16 NewDesignator=C13
Change Component Designator: OldDesignator=C17 NewDesignator=C14
Change Component Designator: OldDesignator=C18 NewDesignator=C15
Change Component Designator: OldDesignator=C19 NewDesignator=C16
Change Component Designator: OldDesignator=C20 NewDesignator=C17
Change Component Designator: OldDesignator=C21 NewDesignator=C18
Change Component Designator: OldDesignator=C22 NewDesignator=C19
Change Component Designator: OldDesignator=C23 NewDesignator=C20
Change Component Designator: OldDesignator=C24 NewDesignator=C21
Change Component Designator: OldDesignator=C25 NewDesignator=C22
Change Component Designator: OldDesignator=PIN NewDesignator=C9
Change Net Name : Old Net Name=NetC16_2 New Net Name=NetC13_2
Change Net Name : Old Net Name=NetC17_1 New Net Name=NetC14_1
Added Member To Class: ClassName=Sheet1 Member=Component C3 475
Added Member To Class: ClassName=Sheet1 Member=Component U1 HMC5883L
Added Member To Class: ClassName=Sheet1 Member=Component U3 MIC5205/SPX3819M5
