Removed Pin From Net: NetName=XCL Pin=B1-1
Removed Pin From Net: NetName=3V3 Pin=B1-2
Removed Pin From Net: NetName=3V3 Pin=B1-4
Removed Pin From Net: NetName=GND Pin=B1-9
Removed Pin From Net: NetName=GND Pin=B1-11
Removed Pin From Net: NetName=3V3 Pin=B1-13
Removed Pin From Net: NetName=HMC_ Pin=B1-15
Removed Pin From Net: NetName=XDA Pin=B1-16
Removed Pin From Net: NetName=GND Pin=C9-1
Removed Member From Class: ClassName=Sheet1 Member=B1
Change Component Designator: OldDesignator=C2 NewDesignator=C4
Change Component Designator: OldDesignator=C3 NewDesignator=C5
Change Component Designator: OldDesignator=C4 NewDesignator=C6
Change Component Designator: OldDesignator=C5 NewDesignator=C7
Change Component Designator: OldDesignator=C6 NewDesignator=C8
Change Component Designator: OldDesignator=C7 NewDesignator=C9
Change Component Designator: OldDesignator=C8 NewDesignator=C10
Change Component Designator: OldDesignator=C9 NewDesignator=C3
Change Component Designator: OldDesignator=C10 NewDesignator=C2
Change Component Designator: OldDesignator=R2 NewDesignator=R3
Change Component Designator: OldDesignator=R3 NewDesignator=R2
Change Component Designator: OldDesignator=U1 NewDesignator=U2
Change Component Designator: OldDesignator=U2 NewDesignator=U3
Change Component Designator: OldDesignator=U3 NewDesignator=U4
Change Component Designator: OldDesignator=U4 NewDesignator=U5
Added Component: Designator=U1(16LPCC)
Added Pin To Net: NetName=GND Pin=C3-2
Added Pin To Net: NetName=HMC_ Pin=U1-15
Added Pin To Net: NetName=NetC2_1 Pin=C2-1
Added Pin To Net: NetName=NetC2_1 Pin=U1-12
Added Net: Name=NetC2_1
Added Member To Class: ClassName=Sheet1 Member=Component U5 PIC32MX440F256H-80I/MR
