Added Component: Designator=MT1(62000211121)
Added Component: Designator=MT2(62000211121)
Added Component: Designator=MT3(62000211121)
Added Component: Designator=MT4(62000211121)
Added Component: Designator=U3(SON125P500X300X100-8N)
Added Pin To Net: NetName=NetMT1_1 Pin=MT1-1
Added Pin To Net: NetName=VCC Pin=MT1-2
Added Pin To Net: NetName=NetMT2_1 Pin=MT2-1
Added Pin To Net: NetName=VCC Pin=MT2-2
Added Pin To Net: NetName=NetMT3_1 Pin=MT3-1
Added Pin To Net: NetName=VCC Pin=MT3-2
Added Pin To Net: NetName=NetMT4_1 Pin=MT4-1
Added Pin To Net: NetName=VCC Pin=MT4-2
Added Pin To Net: NetName=3V3 Pin=U3-1
Added Pin To Net: NetName=3V3 Pin=U3-2
Added Pin To Net: NetName=GND Pin=U3-3
Added Pin To Net: NetName=GND Pin=U3-4
Added Pin To Net: NetName=GND Pin=U3-5
Added Pin To Net: NetName=SDA Pin=U3-7
Added Pin To Net: NetName=SCL Pin=U3-8
Added Member To Class: ClassName=Sheet1 Member=Component MT1 Coreless820
Added Member To Class: ClassName=Sheet1 Member=Component MT2 Coreless820
Added Member To Class: ClassName=Sheet1 Member=Component MT3 Coreless820
Added Member To Class: ClassName=Sheet1 Member=Component MT4 Coreless820
Added Member To Class: ClassName=Sheet1 Member=Component U3 MS561101BA03-50
