Added Component: Designator=Led1(LED-0805-Red)
Added Component: Designator=Led2(LED-0805-Red)
Added Component: Designator=Led3(LED-0805-Red)
Added Component: Designator=Led4(LED-0805-Red)
Added Component: Designator=R1(RES-SMD-0603)
Added Component: Designator=R2(RES-SMD-0603)
Added Component: Designator=R3(RES-SMD-0603)
Added Component: Designator=R4(RES-SMD-0603)
Added Component: Designator=R5(RES-SMD-0603)
Added Component: Designator=R6(RES-SMD-0603)
Added Component: Designator=R7(RES-SMD-0603)
Added Component: Designator=R8(RES-SMD-0603)
Added Component: Designator=R9(RES-SMD-0603)
Added Component: Designator=R10(RES-SMD-0603)
Added Component: Designator=R11(RES-SMD-0603)
Added Component: Designator=R12(RES-SMD-0603)
Added Component: Designator=R13(RES-SMD-0603)
Added Component: Designator=R14(RES-SMD-0603)
Added Component: Designator=R15(RES-SMD-0603)
Added Component: Designator=R16(RES-SMD-0603)
Added Component: Designator=R17(RES-SMD-0603)
Added Component: Designator=R18(RES-SMD-0603)
Added Component: Designator=R19(RES-SMD-0603)
Added Component: Designator=R20(RES-SMD-0603)
Added Component: Designator=R21(RES-SMD-0603)
Added Component: Designator=R22(RES-SMD-0603)
Added Component: Designator=R23(RES-SMD-0603)
Added Component: Designator=R24(RES-SMD-0603)
Added Component: Designator=R25(RES-SMD-0603)
Added Component: Designator=R26(RES-SMD-0603)
Added Pin To Net: NetName=NetLed1_1 Pin=Led1-1
Added Pin To Net: NetName=GND Pin=Led1-2
Added Pin To Net: NetName=NetLed2_1 Pin=Led2-1
Added Pin To Net: NetName=GND Pin=Led2-2
Added Pin To Net: NetName=NetLed3_1 Pin=Led3-1
Added Pin To Net: NetName=GND Pin=Led3-2
Added Pin To Net: NetName=NetLed4_1 Pin=Led4-1
Added Pin To Net: NetName=GND Pin=Led4-2
Added Pin To Net: NetName=5V Pin=R1-1
Added Pin To Net: NetName=FB Pin=R1-2
Added Pin To Net: NetName=FB Pin=R2-1
Added Pin To Net: NetName=GND Pin=R2-2
Added Pin To Net: NetName=NetIC*1_1 Pin=R3-1
Added Pin To Net: NetName=3V3 Pin=R3-2
Added Pin To Net: NetName=NetIC*1_3 Pin=R4-1
Added Pin To Net: NetName=3V3 Pin=R4-2
Added Pin To Net: NetName=V_BAT Pin=R5-1
Added Pin To Net: NetName=VCC Pin=R5-2
Added Pin To Net: NetName=3V3 Pin=R6-1
Added Pin To Net: NetName=NetIC*1_18 Pin=R6-2
Added Pin To Net: NetName=GND Pin=R7-1
Added Pin To Net: NetName=NetIC*1_16 Pin=R7-2
Added Pin To Net: NetName=SDA Pin=R8-1
Added Pin To Net: NetName=3V3 Pin=R8-2
Added Pin To Net: NetName=SCL Pin=R9-1
Added Pin To Net: NetName=3V3 Pin=R9-2
Added Pin To Net: NetName=V_BAT Pin=R10-1
Added Pin To Net: NetName=GND Pin=R10-2
Added Pin To Net: NetName=MPU_INT Pin=R11-1
Added Pin To Net: NetName=3V3 Pin=R11-2
Added Pin To Net: NetName=NetIC1_11 Pin=R12-1
Added Pin To Net: NetName=GND Pin=R12-2
Added Pin To Net: NetName=NetR13_1 Pin=R13-1
Added Pin To Net: NetName=GND Pin=R13-2
Added Pin To Net: NetName=NetLed1_1 Pin=R14-1
Added Pin To Net: NetName=LED4 Pin=R14-2
Added Pin To Net: NetName=NetLed2_1 Pin=R15-1
Added Pin To Net: NetName=LED3 Pin=R15-2
Added Pin To Net: NetName=NetLed3_1 Pin=R16-1
Added Pin To Net: NetName=LED2 Pin=R16-2
Added Pin To Net: NetName=NetLed4_1 Pin=R17-1
Added Pin To Net: NetName=LED1 Pin=R17-2
Added Pin To Net: NetName=PWM3 Pin=R18-1
Added Pin To Net: NetName=NetQ1_1 Pin=R18-2
Added Pin To Net: NetName=PWM2 Pin=R19-1
Added Pin To Net: NetName=NetQ2_1 Pin=R19-2
Added Pin To Net: NetName=NetQ1_1 Pin=R20-1
Added Pin To Net: NetName=GND Pin=R20-2
Added Pin To Net: NetName=NetQ2_1 Pin=R21-1
Added Pin To Net: NetName=GND Pin=R21-2
Added Pin To Net: NetName=RST Pin=R22-1
Added Pin To Net: NetName=3V3 Pin=R22-2
Added Pin To Net: NetName=PWM1 Pin=R23-1
Added Pin To Net: NetName=NetQ3_1 Pin=R23-2
Added Pin To Net: NetName=PWM4 Pin=R24-1
Added Pin To Net: NetName=NetQ4_1 Pin=R24-2
Added Pin To Net: NetName=NetQ3_1 Pin=R25-1
Added Pin To Net: NetName=GND Pin=R25-2
Added Pin To Net: NetName=NetQ4_1 Pin=R26-1
Added Pin To Net: NetName=GND Pin=R26-2
Added Member To Class: ClassName=Sheet1 Member=Component Led1 LED
Added Member To Class: ClassName=Sheet1 Member=Component Led2 LED
Added Member To Class: ClassName=Sheet1 Member=Component Led3 LED
Added Member To Class: ClassName=Sheet1 Member=Component Led4 LED
Added Member To Class: ClassName=Sheet1 Member=Component R1 33k/0603
Added Member To Class: ClassName=Sheet1 Member=Component R2 10k/0603
Added Member To Class: ClassName=Sheet1 Member=Component R3 10k/0603
Added Member To Class: ClassName=Sheet1 Member=Component R4 10k/0603
Added Member To Class: ClassName=Sheet1 Member=Component R5 33k/0603
Added Member To Class: ClassName=Sheet1 Member=Component R6 10k/0603
Added Member To Class: ClassName=Sheet1 Member=Component R7 10k/0603
Added Member To Class: ClassName=Sheet1 Member=Component R8 4.7k/0603
Added Member To Class: ClassName=Sheet1 Member=Component R9 4.7k/0603
Added Member To Class: ClassName=Sheet1 Member=Component R10 33k/0603
Added Member To Class: ClassName=Sheet1 Member=Component R11 4.7k/0603
Added Member To Class: ClassName=Sheet1 Member=Component R12 1k/0603
Added Member To Class: ClassName=Sheet1 Member=Component R13 100k
Added Member To Class: ClassName=Sheet1 Member=Component R14 1k
Added Member To Class: ClassName=Sheet1 Member=Component R15 1k
Added Member To Class: ClassName=Sheet1 Member=Component R16 1k
Added Member To Class: ClassName=Sheet1 Member=Component R17 1k
Added Member To Class: ClassName=Sheet1 Member=Component R18 100/0603
Added Member To Class: ClassName=Sheet1 Member=Component R19 100/0603
Added Member To Class: ClassName=Sheet1 Member=Component R20 33k/0603
Added Member To Class: ClassName=Sheet1 Member=Component R21 33k/0603
Added Member To Class: ClassName=Sheet1 Member=Component R22 10k
Added Member To Class: ClassName=Sheet1 Member=Component R23 100/0603
Added Member To Class: ClassName=Sheet1 Member=Component R24 100/0603
Added Member To Class: ClassName=Sheet1 Member=Component R25 33k/0603
Added Member To Class: ClassName=Sheet1 Member=Component R26 33k/0603
