Added Component: Designator=C1(CAPC1608X90N)
Added Component: Designator=C2(CAPC1608X90N)
Added Component: Designator=C3(CAPC1608X90N)
Added Component: Designator=C4(CAPC1608X90N)
Added Component: Designator=C5(CAPC1608X90N)
Added Component: Designator=C6(CM_S_1206)
Added Component: Designator=C7(CAPC1608X90N)
Added Component: Designator=C8(CAPC1608X90N)
Added Component: Designator=C9(CAPC1608X90N)
Added Component: Designator=C10(CAPC1608X90N)
Added Component: Designator=C11(CAPC1608X90N)
Added Component: Designator=C12(CAPC1608X90N)
Added Component: Designator=C13(CAPC1608X90N)
Added Component: Designator=C14(CAPC1608X90N)
Added Component: Designator=C15(CAPC1608X90N)
Added Component: Designator=C16(CAPC1608X90N)
Added Component: Designator=C17(CAPC1608X90N)
Added Component: Designator=CT1(CRYSTAL-SMD5032)
Added Component: Designator=D1(DO-214AC)
Added Component: Designator=IC1(MPU6050)
Added Component: Designator=L1(SM-IND-0805)
Added Component: Designator=Q1(SOT23)
Added Component: Designator=Q2(SOT23)
Added Component: Designator=Q3(SOT23)
Added Component: Designator=Q4(SOT23)
Added Component: Designator=U4(STM32_LQPF48)
