Change Component Designator: Old Designator=B? New Designator=B1
Change Component Designator: Old Designator=C1 New Designator=C4
Change Component Designator: Old Designator=C2 New Designator=C5
Change Component Designator: Old Designator=C3 New Designator=C6
Change Component Designator: Old Designator=C3 New Designator=C16
Change Component Designator: Old Designator=C4 New Designator=C7
Change Component Designator: Old Designator=C4 New Designator=C17
Change Component Designator: Old Designator=C5 New Designator=C9
Change Component Designator: Old Designator=C5 New Designator=C15
Change Component Designator: Old Designator=C6 New Designator=C10
Change Component Designator: Old Designator=C? New Designator=C1
Change Component Designator: Old Designator=C? New Designator=C2
Change Component Designator: Old Designator=C? New Designator=C3
Change Component Designator: Old Designator=C? New Designator=C8
Change Component Designator: Old Designator=C? New Designator=C11
Change Component Designator: Old Designator=C? New Designator=C12
Change Component Designator: Old Designator=C? New Designator=C13
Change Component Designator: Old Designator=C? New Designator=C14
Change Component Designator: Old Designator=IC? New Designator=IC1
Change Component Designator: Old Designator=R1 New Designator=R2
Change Component Designator: Old Designator=R2 New Designator=R3
Change Component Designator: Old Designator=R3 New Designator=R8
Change Component Designator: Old Designator=R? New Designator=R1
Change Component Designator: Old Designator=R? New Designator=R4
Change Component Designator: Old Designator=R? New Designator=R5
Change Component Designator: Old Designator=R? New Designator=R6
Change Component Designator: Old Designator=R? New Designator=R7
Change Component Designator: Old Designator=U2 New Designator=U3
Change Component Designator: Old Designator=U3 New Designator=U5
Change Component Designator: Old Designator=U? New Designator=U2
Change Component Designator: Old Designator=U? New Designator=U4
